12:54:47 [vite] Re-optimizing dependencies because vite config has changed
12:54:48 [content] Syncing content
12:54:48 [content] Synced content
12:54:48 [types] Generated 1.19s
12:54:48 [build] output: "static"
12:54:48 [build] mode: "static"
12:54:48 [build] directory: /Users/themefisher/Desktop/Practice/tailwind-to-astro/ghl-astro/dist/
12:54:48 [build] Collecting build info...
12:54:48 [build] ✓ Completed in 1.21s.
12:54:48 [build] Building static entrypoints...
12:54:50 [assets] Copying fonts (4 files)...
12:54:50 [ERROR] [vite] ✗ Build failed in 1.62s
[vite]: Rollup failed to resolve import "@/layouts/PostSingle.astro" from "/Users/themefisher/Desktop/Practice/tailwind-to-astro/ghl-astro/src/pages/blog/[single].astro".
This is most likely unintended because it can break your application at runtime.
If you do want to externalize this module explicitly add it to
`build.rollupOptions.external`
  Stack trace:
    at viteLog (file:///Users/themefisher/Desktop/Practice/tailwind-to-astro/ghl-astro/node_modules/astro/node_modules/vite/dist/node/chunks/config.js:33635:57)
    at onwarn (file:///Users/themefisher/Desktop/Practice/tailwind-to-astro/ghl-astro/node_modules/@vitejs/plugin-react/dist/index.js:76:7)
    at onRollupLog (file:///Users/themefisher/Desktop/Practice/tailwind-to-astro/ghl-astro/node_modules/astro/node_modules/vite/dist/node/chunks/config.js:33664:63)
    at file:///Users/themefisher/Desktop/Practice/tailwind-to-astro/ghl-astro/node_modules/rollup/dist/es/shared/node-entry.js:21028:32
    at ModuleLoader.handleInvalidResolvedId (file:///Users/themefisher/Desktop/Practice/tailwind-to-astro/ghl-astro/node_modules/rollup/dist/es/shared/node-entry.js:21767:26)
